<?xml version="1.0" encoding="utf-8"?><testsuites name="pytest tests"><testsuite name="pytest" errors="0" failures="0" skipped="0" tests="6" time="1.639" timestamp="2026-05-01T06:37:32.286966+00:00" hostname="agent-env-ac83d2b2-441a-42e2-9bb5-378445b04a5b"><testcase classname="backend.tests.test_quote_api" name="test_root_welcome" time="0.290" /><testcase classname="backend.tests.test_quote_api" name="test_create_quote_request_valid" time="0.256" /><testcase classname="backend.tests.test_quote_api" name="test_create_quote_request_minimal" time="0.155" /><testcase classname="backend.tests.test_quote_api" name="test_create_quote_request_missing_fields" time="0.147" /><testcase classname="backend.tests.test_quote_api" name="test_create_quote_request_empty_strings" time="0.157" /><testcase classname="backend.tests.test_quote_api" name="test_list_quote_requests" time="0.255" /></testsuite></testsuites>